
Thu Apr 26 19:07:06 2018  ----------------------------------------------   Begin Test  ----------------------------------------------

------TestPRS类实例化init方法开始执行：------
------TestPRS类实例化init方法测试通过Success！------
------登录界面开始执行：------
------登录界面测试通过Success！------
------同行账单开始执行：------
------同行账单测试通过Success！------
------一二级网点寄件账单开始执行：------
------一二级网点寄件账单测试通过Success！------
------一二级网点派件账单开始执行：------
------一二级派件账单测试通过Success！------
------账单编辑开始执行：------
------账单编辑测试通过Success！------
------时效派费派件账单开始执行：------
------时效派费派件账单测试通过Success！------
------网点出货对账开始执行：------
------网点出货对账测试通过Success！------
------网点派件对账开始执行：------
------网点派件对账测试通过Success！------
------账单调整开始执行：------
------账单调整测试通过Success！------
------直达派费账单编辑开始执行：------
------直达派费账单编辑测试通过Success！------

------退出浏览器测试通过Success！------

Thu Apr 26 19:08:48 2018  ----------------------------------------------  Test Over   ----------------------------------------------



Fri Apr 27 09:55:50 2018  ----------------------------------------------   Begin Test  ----------------------------------------------

------TestPRS类实例化init方法开始执行：------
------TestPRS类实例化init方法测试通过Success！------
------登录界面开始执行：------
------登录界面测试通过Success！------
------同行账单开始执行：------
同行账单执行失败Fail:
Traceback (most recent call last):
  File "E:\PythonProjects\SmokePRS\testPRS.py", line 94, in tongHangZhangDan
    self.driver.find_element_by_class_name('tabs-close').click()
  File "E:\PythonProjects\venv\lib\site-packages\selenium\webdriver\remote\webdriver.py", line 555, in find_element_by_class_name
    return self.find_element(by=By.CLASS_NAME, value=name)
  File "E:\PythonProjects\venv\lib\site-packages\selenium\webdriver\remote\webdriver.py", line 955, in find_element
    'value': value})['value']
  File "E:\PythonProjects\venv\lib\site-packages\selenium\webdriver\remote\webdriver.py", line 312, in execute
    self.error_handler.check_response(response)
  File "E:\PythonProjects\venv\lib\site-packages\selenium\webdriver\remote\errorhandler.py", line 242, in check_response
    raise exception_class(message, screen, stacktrace)
NoSuchElementException: Message: no such element: Unable to locate element: {"method":"class name","selector":"tabs-close"}
  (Session info: chrome=66.0.3359.117)
  (Driver info: chromedriver=2.37.543627 (63642262d9fb93fb4ab52398be4286d844092a5e),platform=Windows NT 10.0.16299 x86_64)



------退出浏览器测试通过Success！------

Fri Apr 27 09:56:30 2018  ----------------------------------------------  Test Over   ----------------------------------------------



Fri Apr 27 09:56:18 2018  ----------------------------------------------   Begin Test  ----------------------------------------------

------TestPRS类实例化init方法开始执行：------
------TestPRS类实例化init方法测试通过Success！------
------登录界面开始执行：------
------登录界面测试通过Success！------
------同行账单开始执行：------
同行账单执行失败Fail:
Traceback (most recent call last):
  File "E:\PythonProjects\SmokePRS\testPRS.py", line 94, in tongHangZhangDan
    self.driver.find_element_by_class_name('tabs-close').click()
  File "E:\PythonProjects\venv\lib\site-packages\selenium\webdriver\remote\webdriver.py", line 555, in find_element_by_class_name
    return self.find_element(by=By.CLASS_NAME, value=name)
  File "E:\PythonProjects\venv\lib\site-packages\selenium\webdriver\remote\webdriver.py", line 955, in find_element
    'value': value})['value']
  File "E:\PythonProjects\venv\lib\site-packages\selenium\webdriver\remote\webdriver.py", line 312, in execute
    self.error_handler.check_response(response)
  File "E:\PythonProjects\venv\lib\site-packages\selenium\webdriver\remote\errorhandler.py", line 242, in check_response
    raise exception_class(message, screen, stacktrace)
NoSuchElementException: Message: no such element: Unable to locate element: {"method":"class name","selector":"tabs-close"}
  (Session info: chrome=66.0.3359.117)
  (Driver info: chromedriver=2.37.543627 (63642262d9fb93fb4ab52398be4286d844092a5e),platform=Windows NT 10.0.16299 x86_64)



------退出浏览器测试通过Success！------

Fri Apr 27 09:56:59 2018  ----------------------------------------------  Test Over   ----------------------------------------------



Fri Apr 27 10:00:41 2018  ----------------------------------------------   Begin Test  ----------------------------------------------

------TestPRS类实例化init方法开始执行：------
------TestPRS类实例化init方法测试通过Success！------
------登录界面开始执行：------
------登录界面测试通过Success！------
------同行账单开始执行：------
同行账单执行失败Fail:
Traceback (most recent call last):
  File "E:\PythonProjects\SmokePRS\testPRS.py", line 93, in tongHangZhangDan
    js = document.getElementsByClassName('tabs-close')[0].click()
NameError: global name 'document' is not defined


------退出浏览器测试通过Success！------

Fri Apr 27 10:01:11 2018  ----------------------------------------------  Test Over   ----------------------------------------------



Fri Apr 27 10:02:35 2018  ----------------------------------------------   Begin Test  ----------------------------------------------

------TestPRS类实例化init方法开始执行：------
------TestPRS类实例化init方法测试通过Success！------
------登录界面开始执行：------
------登录界面测试通过Success！------
------同行账单开始执行：------
同行账单执行失败Fail:
Traceback (most recent call last):
  File "E:\PythonProjects\SmokePRS\testPRS.py", line 94, in tongHangZhangDan
    self.driver.execute_script(js)
  File "E:\PythonProjects\venv\lib\site-packages\selenium\webdriver\remote\webdriver.py", line 627, in execute_script
    'args': converted_args})['value']
  File "E:\PythonProjects\venv\lib\site-packages\selenium\webdriver\remote\webdriver.py", line 312, in execute
    self.error_handler.check_response(response)
  File "E:\PythonProjects\venv\lib\site-packages\selenium\webdriver\remote\errorhandler.py", line 242, in check_response
    raise exception_class(message, screen, stacktrace)
WebDriverException: Message: unknown error: Cannot read property 'click' of undefined
  (Session info: chrome=66.0.3359.117)
  (Driver info: chromedriver=2.37.543627 (63642262d9fb93fb4ab52398be4286d844092a5e),platform=Windows NT 10.0.16299 x86_64)


------一二级网点寄件账单开始执行：------
------一二级网点寄件账单测试通过Success！------

------退出浏览器测试通过Success！------

Fri Apr 27 10:03:12 2018  ----------------------------------------------  Test Over   ----------------------------------------------



Fri Apr 27 10:06:25 2018  ----------------------------------------------   Begin Test  ----------------------------------------------

------TestPRS类实例化init方法开始执行：------
------TestPRS类实例化init方法测试通过Success！------
------登录界面开始执行：------
------登录界面测试通过Success！------
------同行账单开始执行：------
同行账单执行失败Fail:
Traceback (most recent call last):
  File "E:\PythonProjects\SmokePRS\testPRS.py", line 94, in tongHangZhangDan
    self.driver.execute_script(js)
  File "E:\PythonProjects\venv\lib\site-packages\selenium\webdriver\remote\webdriver.py", line 627, in execute_script
    'args': converted_args})['value']
  File "E:\PythonProjects\venv\lib\site-packages\selenium\webdriver\remote\webdriver.py", line 312, in execute
    self.error_handler.check_response(response)
  File "E:\PythonProjects\venv\lib\site-packages\selenium\webdriver\remote\errorhandler.py", line 242, in check_response
    raise exception_class(message, screen, stacktrace)
WebDriverException: Message: unknown error: Cannot read property 'click' of undefined
  (Session info: chrome=66.0.3359.117)
  (Driver info: chromedriver=2.37.543627 (63642262d9fb93fb4ab52398be4286d844092a5e),platform=Windows NT 10.0.16299 x86_64)


------一二级网点寄件账单开始执行：------
------一二级网点寄件账单测试通过Success！------

------退出浏览器测试通过Success！------

Fri Apr 27 10:07:02 2018  ----------------------------------------------  Test Over   ----------------------------------------------



Fri Apr 27 10:07:56 2018  ----------------------------------------------   Begin Test  ----------------------------------------------

------TestPRS类实例化init方法开始执行：------
------TestPRS类实例化init方法测试通过Success！------
------登录界面开始执行：------
------登录界面测试通过Success！------
------同行账单开始执行：------
同行账单执行失败Fail:
Traceback (most recent call last):
  File "E:\PythonProjects\SmokePRS\testPRS.py", line 94, in tongHangZhangDan
    self.driver.execute_script(js)
  File "E:\PythonProjects\venv\lib\site-packages\selenium\webdriver\remote\webdriver.py", line 627, in execute_script
    'args': converted_args})['value']
  File "E:\PythonProjects\venv\lib\site-packages\selenium\webdriver\remote\webdriver.py", line 312, in execute
    self.error_handler.check_response(response)
  File "E:\PythonProjects\venv\lib\site-packages\selenium\webdriver\remote\errorhandler.py", line 242, in check_response
    raise exception_class(message, screen, stacktrace)
WebDriverException: Message: unknown error: Runtime.evaluate threw exception: SyntaxError: Unexpected identifier
  (Session info: chrome=66.0.3359.117)
  (Driver info: chromedriver=2.37.543627 (63642262d9fb93fb4ab52398be4286d844092a5e),platform=Windows NT 10.0.16299 x86_64)


------一二级网点寄件账单开始执行：------
------一二级网点寄件账单测试通过Success！------

------退出浏览器测试通过Success！------

Fri Apr 27 10:08:33 2018  ----------------------------------------------  Test Over   ----------------------------------------------



Fri Apr 27 10:09:52 2018  ----------------------------------------------   Begin Test  ----------------------------------------------

------TestPRS类实例化init方法开始执行：------
------TestPRS类实例化init方法测试通过Success！------
------登录界面开始执行：------
------登录界面测试通过Success！------
------同行账单开始执行：------
同行账单执行失败Fail:
Traceback (most recent call last):
  File "E:\PythonProjects\SmokePRS\testPRS.py", line 96, in tongHangZhangDan
    self.driver.execute_script(js)
  File "E:\PythonProjects\venv\lib\site-packages\selenium\webdriver\remote\webdriver.py", line 627, in execute_script
    'args': converted_args})['value']
  File "E:\PythonProjects\venv\lib\site-packages\selenium\webdriver\remote\webdriver.py", line 312, in execute
    self.error_handler.check_response(response)
  File "E:\PythonProjects\venv\lib\site-packages\selenium\webdriver\remote\errorhandler.py", line 242, in check_response
    raise exception_class(message, screen, stacktrace)
WebDriverException: Message: unknown error: Cannot read property 'click' of undefined
  (Session info: chrome=66.0.3359.117)
  (Driver info: chromedriver=2.37.543627 (63642262d9fb93fb4ab52398be4286d844092a5e),platform=Windows NT 10.0.16299 x86_64)


------一二级网点寄件账单开始执行：------
------一二级网点寄件账单测试通过Success！------

------退出浏览器测试通过Success！------

Fri Apr 27 10:10:30 2018  ----------------------------------------------  Test Over   ----------------------------------------------



Fri Apr 27 10:11:39 2018  ----------------------------------------------   Begin Test  ----------------------------------------------

------TestPRS类实例化init方法开始执行：------
------TestPRS类实例化init方法测试通过Success！------
------登录界面开始执行：------
------登录界面测试通过Success！------
------同行账单开始执行：------
同行账单执行失败Fail:
Traceback (most recent call last):
  File "E:\PythonProjects\SmokePRS\testPRS.py", line 96, in tongHangZhangDan
    self.driver.execute_script(js)
  File "E:\PythonProjects\venv\lib\site-packages\selenium\webdriver\remote\webdriver.py", line 627, in execute_script
    'args': converted_args})['value']
  File "E:\PythonProjects\venv\lib\site-packages\selenium\webdriver\remote\webdriver.py", line 312, in execute
    self.error_handler.check_response(response)
  File "E:\PythonProjects\venv\lib\site-packages\selenium\webdriver\remote\errorhandler.py", line 242, in check_response
    raise exception_class(message, screen, stacktrace)
WebDriverException: Message: unknown error: Cannot read property 'click' of undefined
  (Session info: chrome=66.0.3359.117)
  (Driver info: chromedriver=2.37.543627 (63642262d9fb93fb4ab52398be4286d844092a5e),platform=Windows NT 10.0.16299 x86_64)


------一二级网点寄件账单开始执行：------
------一二级网点寄件账单测试通过Success！------

------退出浏览器测试通过Success！------

Fri Apr 27 10:12:17 2018  ----------------------------------------------  Test Over   ----------------------------------------------



Fri Apr 27 10:15:44 2018  ----------------------------------------------   Begin Test  ----------------------------------------------

------TestPRS类实例化init方法开始执行：------
------TestPRS类实例化init方法测试通过Success！------
------登录界面开始执行：------
------登录界面测试通过Success！------
------同行账单开始执行：------
同行账单执行失败Fail:
Traceback (most recent call last):
  File "E:\PythonProjects\SmokePRS\testPRS.py", line 94, in tongHangZhangDan
    self.driver.execute_script(js)
  File "E:\PythonProjects\venv\lib\site-packages\selenium\webdriver\remote\webdriver.py", line 627, in execute_script
    'args': converted_args})['value']
  File "E:\PythonProjects\venv\lib\site-packages\selenium\webdriver\remote\webdriver.py", line 312, in execute
    self.error_handler.check_response(response)
  File "E:\PythonProjects\venv\lib\site-packages\selenium\webdriver\remote\errorhandler.py", line 242, in check_response
    raise exception_class(message, screen, stacktrace)
WebDriverException: Message: unknown error: Cannot read property 'click' of undefined
  (Session info: chrome=66.0.3359.117)
  (Driver info: chromedriver=2.37.543627 (63642262d9fb93fb4ab52398be4286d844092a5e),platform=Windows NT 10.0.16299 x86_64)


------一二级网点寄件账单开始执行：------
------一二级网点寄件账单测试通过Success！------

------退出浏览器测试通过Success！------

Fri Apr 27 10:16:22 2018  ----------------------------------------------  Test Over   ----------------------------------------------



Fri Apr 27 10:17:11 2018  ----------------------------------------------   Begin Test  ----------------------------------------------

------TestPRS类实例化init方法开始执行：------
------TestPRS类实例化init方法测试通过Success！------
------登录界面开始执行：------
------登录界面测试通过Success！------
------同行账单开始执行：------
同行账单执行失败Fail:
Traceback (most recent call last):
  File "E:\PythonProjects\SmokePRS\testPRS.py", line 94, in tongHangZhangDan
    self.driver.execute_script(js)
  File "E:\PythonProjects\venv\lib\site-packages\selenium\webdriver\remote\webdriver.py", line 627, in execute_script
    'args': converted_args})['value']
  File "E:\PythonProjects\venv\lib\site-packages\selenium\webdriver\remote\webdriver.py", line 312, in execute
    self.error_handler.check_response(response)
  File "E:\PythonProjects\venv\lib\site-packages\selenium\webdriver\remote\errorhandler.py", line 242, in check_response
    raise exception_class(message, screen, stacktrace)
WebDriverException: Message: unknown error: Cannot read property 'click' of undefined
  (Session info: chrome=66.0.3359.117)
  (Driver info: chromedriver=2.37.543627 (63642262d9fb93fb4ab52398be4286d844092a5e),platform=Windows NT 10.0.16299 x86_64)


------一二级网点寄件账单开始执行：------
一二级寄件账单失败Fail:
Traceback (most recent call last):
  File "E:\PythonProjects\SmokePRS\testPRS.py", line 195, in yiErJiJiJianZhangDan
    self.driver.execute_script(js)
  File "E:\PythonProjects\venv\lib\site-packages\selenium\webdriver\remote\webdriver.py", line 627, in execute_script
    'args': converted_args})['value']
  File "E:\PythonProjects\venv\lib\site-packages\selenium\webdriver\remote\webdriver.py", line 312, in execute
    self.error_handler.check_response(response)
  File "E:\PythonProjects\venv\lib\site-packages\selenium\webdriver\remote\errorhandler.py", line 242, in check_response
    raise exception_class(message, screen, stacktrace)
WebDriverException: Message: unknown error: Cannot read property 'click' of undefined
  (Session info: chrome=66.0.3359.117)
  (Driver info: chromedriver=2.37.543627 (63642262d9fb93fb4ab52398be4286d844092a5e),platform=Windows NT 10.0.16299 x86_64)


------一二级网点派件账单开始执行：------
一二级派件账单失败Fail:
Traceback (most recent call last):
  File "E:\PythonProjects\SmokePRS\testPRS.py", line 216, in yiErJiPaiJianZhangDan
    self.driver.execute_script(js)
  File "E:\PythonProjects\venv\lib\site-packages\selenium\webdriver\remote\webdriver.py", line 627, in execute_script
    'args': converted_args})['value']
  File "E:\PythonProjects\venv\lib\site-packages\selenium\webdriver\remote\webdriver.py", line 312, in execute
    self.error_handler.check_response(response)
  File "E:\PythonProjects\venv\lib\site-packages\selenium\webdriver\remote\errorhandler.py", line 242, in check_response
    raise exception_class(message, screen, stacktrace)
WebDriverException: Message: unknown error: Cannot read property 'click' of undefined
  (Session info: chrome=66.0.3359.117)
  (Driver info: chromedriver=2.37.543627 (63642262d9fb93fb4ab52398be4286d844092a5e),platform=Windows NT 10.0.16299 x86_64)



------退出浏览器测试通过Success！------

Fri Apr 27 10:17:56 2018  ----------------------------------------------  Test Over   ----------------------------------------------



Fri Apr 27 10:23:37 2018  ----------------------------------------------   Begin Test  ----------------------------------------------

------TestPRS类实例化init方法开始执行：------
------TestPRS类实例化init方法测试通过Success！------
------登录界面开始执行：------
------登录界面测试通过Success！------
------同行账单开始执行：------
同行账单执行失败Fail:
Traceback (most recent call last):
  File "E:\PythonProjects\SmokePRS\testPRS.py", line 94, in tongHangZhangDan
    self.driver.execute_script(js)
  File "E:\PythonProjects\venv\lib\site-packages\selenium\webdriver\remote\webdriver.py", line 627, in execute_script
    'args': converted_args})['value']
  File "E:\PythonProjects\venv\lib\site-packages\selenium\webdriver\remote\webdriver.py", line 312, in execute
    self.error_handler.check_response(response)
  File "E:\PythonProjects\venv\lib\site-packages\selenium\webdriver\remote\errorhandler.py", line 242, in check_response
    raise exception_class(message, screen, stacktrace)
WebDriverException: Message: unknown error: Cannot read property 'click' of undefined
  (Session info: chrome=66.0.3359.117)
  (Driver info: chromedriver=2.37.543627 (63642262d9fb93fb4ab52398be4286d844092a5e),platform=Windows NT 10.0.16299 x86_64)


------一二级网点寄件账单开始执行：------
------一二级网点寄件账单测试通过Success！------
------一二级网点派件账单开始执行：------
------一二级派件账单测试通过Success！------

------退出浏览器测试通过Success！------

Fri Apr 27 10:24:22 2018  ----------------------------------------------  Test Over   ----------------------------------------------



Fri Apr 27 10:28:57 2018  ----------------------------------------------   Begin Test  ----------------------------------------------

------TestPRS类实例化init方法开始执行：------
------TestPRS类实例化init方法测试通过Success！------
------登录界面开始执行：------
------登录界面测试通过Success！------
------同行账单开始执行：------
同行账单执行失败Fail:
Traceback (most recent call last):
  File "E:\PythonProjects\SmokePRS\testPRS.py", line 94, in tongHangZhangDan
    self.driver.execute_script("document.getElementsByClassName('tabs-close')[0].click()")
  File "E:\PythonProjects\venv\lib\site-packages\selenium\webdriver\remote\webdriver.py", line 627, in execute_script
    'args': converted_args})['value']
  File "E:\PythonProjects\venv\lib\site-packages\selenium\webdriver\remote\webdriver.py", line 312, in execute
    self.error_handler.check_response(response)
  File "E:\PythonProjects\venv\lib\site-packages\selenium\webdriver\remote\errorhandler.py", line 242, in check_response
    raise exception_class(message, screen, stacktrace)
WebDriverException: Message: unknown error: Cannot read property 'click' of undefined
  (Session info: chrome=66.0.3359.117)
  (Driver info: chromedriver=2.37.543627 (63642262d9fb93fb4ab52398be4286d844092a5e),platform=Windows NT 10.0.16299 x86_64)


------一二级网点寄件账单开始执行：------
------一二级网点寄件账单测试通过Success！------
------一二级网点派件账单开始执行：------
------一二级派件账单测试通过Success！------

------退出浏览器测试通过Success！------

Fri Apr 27 10:29:41 2018  ----------------------------------------------  Test Over   ----------------------------------------------



Fri Apr 27 10:33:42 2018  ----------------------------------------------   Begin Test  ----------------------------------------------

------TestPRS类实例化init方法开始执行：------
------TestPRS类实例化init方法测试通过Success！------
------登录界面开始执行：------
------登录界面测试通过Success！------
------同行账单开始执行：------
同行账单执行失败Fail:
Traceback (most recent call last):
  File "E:\PythonProjects\SmokePRS\testPRS.py", line 94, in tongHangZhangDan
    self.driver.execute_script(js)
  File "E:\PythonProjects\venv\lib\site-packages\selenium\webdriver\remote\webdriver.py", line 627, in execute_script
    'args': converted_args})['value']
  File "E:\PythonProjects\venv\lib\site-packages\selenium\webdriver\remote\webdriver.py", line 312, in execute
    self.error_handler.check_response(response)
  File "E:\PythonProjects\venv\lib\site-packages\selenium\webdriver\remote\errorhandler.py", line 242, in check_response
    raise exception_class(message, screen, stacktrace)
WebDriverException: Message: unknown error: Cannot read property 'click' of undefined
  (Session info: chrome=66.0.3359.117)
  (Driver info: chromedriver=2.37.543627 (63642262d9fb93fb4ab52398be4286d844092a5e),platform=Windows NT 10.0.16299 x86_64)


------一二级网点寄件账单开始执行：------
------一二级网点寄件账单测试通过Success！------
------一二级网点派件账单开始执行：------
------一二级派件账单测试通过Success！------

------退出浏览器测试通过Success！------

Fri Apr 27 10:34:26 2018  ----------------------------------------------  Test Over   ----------------------------------------------



Fri Apr 27 10:34:35 2018  ----------------------------------------------   Begin Test  ----------------------------------------------

------TestPRS类实例化init方法开始执行：------
------TestPRS类实例化init方法测试通过Success！------
------登录界面开始执行：------
------登录界面测试通过Success！------
------同行账单开始执行：------
同行账单执行失败Fail:
Traceback (most recent call last):
  File "E:\PythonProjects\SmokePRS\testPRS.py", line 94, in tongHangZhangDan
    self.driver.execute_script(js)
  File "E:\PythonProjects\venv\lib\site-packages\selenium\webdriver\remote\webdriver.py", line 627, in execute_script
    'args': converted_args})['value']
  File "E:\PythonProjects\venv\lib\site-packages\selenium\webdriver\remote\webdriver.py", line 312, in execute
    self.error_handler.check_response(response)
  File "E:\PythonProjects\venv\lib\site-packages\selenium\webdriver\remote\errorhandler.py", line 242, in check_response
    raise exception_class(message, screen, stacktrace)
WebDriverException: Message: unknown error: Cannot read property 'click' of undefined
  (Session info: chrome=66.0.3359.117)
  (Driver info: chromedriver=2.37.543627 (63642262d9fb93fb4ab52398be4286d844092a5e),platform=Windows NT 10.0.16299 x86_64)


------一二级网点寄件账单开始执行：------
------一二级网点寄件账单测试通过Success！------
------一二级网点派件账单开始执行：------
------一二级派件账单测试通过Success！------

------退出浏览器测试通过Success！------

Fri Apr 27 10:35:19 2018  ----------------------------------------------  Test Over   ----------------------------------------------



Fri Apr 27 10:39:03 2018  ----------------------------------------------   Begin Test  ----------------------------------------------

------TestPRS类实例化init方法开始执行：------
------TestPRS类实例化init方法测试通过Success！------
------登录界面开始执行：------
------登录界面测试通过Success！------
------同行账单开始执行：------
同行账单执行失败Fail:
Traceback (most recent call last):
  File "E:\PythonProjects\SmokePRS\testPRS.py", line 94, in tongHangZhangDan
    self.driver.execute_script(js)
  File "E:\PythonProjects\venv\lib\site-packages\selenium\webdriver\remote\webdriver.py", line 627, in execute_script
    'args': converted_args})['value']
  File "E:\PythonProjects\venv\lib\site-packages\selenium\webdriver\remote\webdriver.py", line 312, in execute
    self.error_handler.check_response(response)
  File "E:\PythonProjects\venv\lib\site-packages\selenium\webdriver\remote\errorhandler.py", line 242, in check_response
    raise exception_class(message, screen, stacktrace)
WebDriverException: Message: unknown error: Cannot read property 'click' of undefined
  (Session info: chrome=66.0.3359.117)
  (Driver info: chromedriver=2.37.543627 (63642262d9fb93fb4ab52398be4286d844092a5e),platform=Windows NT 10.0.16299 x86_64)


------一二级网点寄件账单开始执行：------
------一二级网点寄件账单测试通过Success！------
------一二级网点派件账单开始执行：------
------一二级派件账单测试通过Success！------

------退出浏览器测试通过Success！------

Fri Apr 27 10:39:53 2018  ----------------------------------------------  Test Over   ----------------------------------------------



Fri Apr 27 16:44:57 2018  ----------------------------------------------   Begin Test  ----------------------------------------------

------TestPRS类实例化init方法开始执行：------
------TestPRS类实例化init方法测试通过Success！------
------登录界面开始执行：------
------登录界面测试通过Success！------
------ 业务规则类型 开始执行：------
------业务规则类型 测试通过Success！------

------退出浏览器测试通过Success！------

Fri Apr 27 16:45:28 2018  ----------------------------------------------  Test Over   ----------------------------------------------



Fri Apr 27 16:53:53 2018  ----------------------------------------------   Begin Test  ----------------------------------------------

------TestPRS类实例化init方法开始执行：------
------TestPRS类实例化init方法测试通过Success！------
------登录界面开始执行：------
------登录界面测试通过Success！------
------ 业务规则类型 开始执行：------
业务规则类型 失败Fail:
Traceback (most recent call last):
  File "E:\PythonProjects\SmokePRS\testPRS.py", line 945, in yeWuGuiZeLeiXing
    self.driver.find_element_by_link_text(u'新增').click()        #点击 新增
  File "E:\PythonProjects\venv\lib\site-packages\selenium\webdriver\remote\webdriver.py", line 419, in find_element_by_link_text
    return self.find_element(by=By.LINK_TEXT, value=link_text)
  File "E:\PythonProjects\venv\lib\site-packages\selenium\webdriver\remote\webdriver.py", line 955, in find_element
    'value': value})['value']
  File "E:\PythonProjects\venv\lib\site-packages\selenium\webdriver\remote\webdriver.py", line 312, in execute
    self.error_handler.check_response(response)
  File "E:\PythonProjects\venv\lib\site-packages\selenium\webdriver\remote\errorhandler.py", line 242, in check_response
    raise exception_class(message, screen, stacktrace)
NoSuchElementException: Message: no such element: Unable to locate element: {"method":"link text","selector":"新增"}
  (Session info: chrome=66.0.3359.117)
  (Driver info: chromedriver=2.37.543627 (63642262d9fb93fb4ab52398be4286d844092a5e),platform=Windows NT 10.0.16299 x86_64)



------退出浏览器测试通过Success！------

Fri Apr 27 16:54:32 2018  ----------------------------------------------  Test Over   ----------------------------------------------



Fri Apr 27 16:55:16 2018  ----------------------------------------------   Begin Test  ----------------------------------------------

------TestPRS类实例化init方法开始执行：------
------TestPRS类实例化init方法测试通过Success！------
------登录界面开始执行：------
------登录界面测试通过Success！------
------ 业务规则类型 开始执行：------
------业务规则类型 测试通过Success！------

------退出浏览器测试通过Success！------

Fri Apr 27 16:55:52 2018  ----------------------------------------------  Test Over   ----------------------------------------------



Fri Apr 27 16:56:14 2018  ----------------------------------------------   Begin Test  ----------------------------------------------

------TestPRS类实例化init方法开始执行：------
------TestPRS类实例化init方法测试通过Success！------
------登录界面开始执行：------
------登录界面测试通过Success！------
------ 业务规则类型 开始执行：------
------业务规则类型 测试通过Success！------

------退出浏览器测试通过Success！------

Fri Apr 27 16:56:50 2018  ----------------------------------------------  Test Over   ----------------------------------------------



Fri Apr 27 17:18:32 2018  ----------------------------------------------   Begin Test  ----------------------------------------------

------TestPRS类实例化init方法开始执行：------
------TestPRS类实例化init方法测试通过Success！------
------登录界面开始执行：------
------登录界面测试通过Success！------
------ 业务规则类型 开始执行：------
业务规则类型 失败Fail:
Traceback (most recent call last):
  File "E:\PythonProjects\SmokePRS\testPRS.py", line 963, in yeWuGuiZeLeiXing
    chaXun.click()    #点击 查询
  File "E:\PythonProjects\venv\lib\site-packages\selenium\webdriver\remote\webelement.py", line 80, in click
    self._execute(Command.CLICK_ELEMENT)
  File "E:\PythonProjects\venv\lib\site-packages\selenium\webdriver\remote\webelement.py", line 628, in _execute
    return self._parent.execute(command, params)
  File "E:\PythonProjects\venv\lib\site-packages\selenium\webdriver\remote\webdriver.py", line 312, in execute
    self.error_handler.check_response(response)
  File "E:\PythonProjects\venv\lib\site-packages\selenium\webdriver\remote\errorhandler.py", line 242, in check_response
    raise exception_class(message, screen, stacktrace)
WebDriverException: Message: unknown error: Element <a href="#" class="easyui-linkbutton search l-btn l-btn-small" onclick="javascript:searchBusiness()" style="width: 78px;" group="" id="">...</a> is not clickable at point (307, 29). Other element would receive the click: <div class="window-mask" style="display: block; z-index: 9000; position: fixed;"></div>
  (Session info: chrome=66.0.3359.117)
  (Driver info: chromedriver=2.37.543627 (63642262d9fb93fb4ab52398be4286d844092a5e),platform=Windows NT 10.0.16299 x86_64)



------退出浏览器测试通过Success！------

Fri Apr 27 17:19:08 2018  ----------------------------------------------  Test Over   ----------------------------------------------



Fri Apr 27 17:19:37 2018  ----------------------------------------------   Begin Test  ----------------------------------------------

------TestPRS类实例化init方法开始执行：------
------TestPRS类实例化init方法测试通过Success！------
------登录界面开始执行：------
------登录界面测试通过Success！------
------ 业务规则类型 开始执行：------
------业务规则类型 测试通过Success！------

------退出浏览器测试通过Success！------

Fri Apr 27 17:20:17 2018  ----------------------------------------------  Test Over   ----------------------------------------------



Fri Apr 27 17:55:18 2018  ----------------------------------------------   Begin Test  ----------------------------------------------

------TestPRS类实例化init方法开始执行：------
------TestPRS类实例化init方法测试通过Success！------
------登录界面开始执行：------
------登录界面测试通过Success！------
------ 业务规则类型 开始执行：------
业务规则类型 失败Fail:
Traceback (most recent call last):
  File "E:\PythonProjects\SmokePRS\testPRS.py", line 986, in yeWuGuiZeLeiXing
    assert self.driver.find_element_by_xpath('//*[@id="datagrid-row-r2-2-0"]/td[7]/div') == u'字符型',u"修改失败"
AssertionError: 修改失败


------退出浏览器测试通过Success！------

Fri Apr 27 17:56:02 2018  ----------------------------------------------  Test Over   ----------------------------------------------



Fri Apr 27 17:59:47 2018  ----------------------------------------------   Begin Test  ----------------------------------------------

------TestPRS类实例化init方法开始执行：------
------TestPRS类实例化init方法测试通过Success！------
------登录界面开始执行：------
------登录界面测试通过Success！------
------ 业务规则类型 开始执行：------
业务规则类型 失败Fail:
Traceback (most recent call last):
  File "E:\PythonProjects\SmokePRS\testPRS.py", line 986, in yeWuGuiZeLeiXing
    assert self.driver.find_element_by_xpath('//*[@id="datagrid-row-r2-2-0"]/td[7]/div') == u'字符型',u"修改失败"
AssertionError: 修改失败


------退出浏览器测试通过Success！------

Fri Apr 27 18:00:31 2018  ----------------------------------------------  Test Over   ----------------------------------------------



Fri Apr 27 18:34:26 2018  ----------------------------------------------   Begin Test  ----------------------------------------------

------TestPRS类实例化init方法开始执行：------
------TestPRS类实例化init方法测试通过Success！------
------登录界面开始执行：------
------登录界面测试通过Success！------
------ 业务规则类型 开始执行：------
业务规则类型 失败Fail:
Traceback (most recent call last):
  File "E:\PythonProjects\SmokePRS\testPRS.py", line 985, in yeWuGuiZeLeiXing
    assert self.driver.find_element_by_xpath('//*[@id="datagrid-row-r2-2-0"]/td[7]/div') == u'字符型',u"修改失败"
AssertionError: 修改失败


------退出浏览器测试通过Success！------

Fri Apr 27 18:35:09 2018  ----------------------------------------------  Test Over   ----------------------------------------------



Fri Apr 27 18:39:52 2018  ----------------------------------------------   Begin Test  ----------------------------------------------

------TestPRS类实例化init方法开始执行：------
------TestPRS类实例化init方法测试通过Success！------
------登录界面开始执行：------
------登录界面测试通过Success！------
------ 业务规则类型 开始执行：------
业务规则类型 失败Fail:
Traceback (most recent call last):
  File "E:\PythonProjects\SmokePRS\testPRS.py", line 985, in yeWuGuiZeLeiXing
    assert self.driver.find_element_by_xpath('//*[@id="datagrid-row-r2-2-0"]/td[7]/div') == u'字符型',u"修改失败"
AssertionError: 修改失败


------退出浏览器测试通过Success！------

Fri Apr 27 18:40:36 2018  ----------------------------------------------  Test Over   ----------------------------------------------



Fri Apr 27 18:43:31 2018  ----------------------------------------------   Begin Test  ----------------------------------------------

------TestPRS类实例化init方法开始执行：------
------TestPRS类实例化init方法测试通过Success！------
------登录界面开始执行：------
------登录界面测试通过Success！------
------ 业务规则类型 开始执行：------
------业务规则类型 测试通过Success！------

------退出浏览器测试通过Success！------

Fri Apr 27 18:44:20 2018  ----------------------------------------------  Test Over   ----------------------------------------------



Fri Apr 27 18:48:45 2018  ----------------------------------------------   Begin Test  ----------------------------------------------

------TestPRS类实例化init方法开始执行：------
------TestPRS类实例化init方法测试通过Success！------
------登录界面开始执行：------
------登录界面测试通过Success！------
------ 业务规则类型 开始执行：------
------业务规则类型 测试通过Success！------

------退出浏览器测试通过Success！------

Fri Apr 27 18:49:37 2018  ----------------------------------------------  Test Over   ----------------------------------------------



Fri Apr 27 18:50:44 2018  ----------------------------------------------   Begin Test  ----------------------------------------------

------TestPRS类实例化init方法开始执行：------
------TestPRS类实例化init方法测试通过Success！------
------登录界面开始执行：------
------登录界面测试通过Success！------
------ 业务规则类型 开始执行：------
------业务规则类型 测试通过Success！------

------退出浏览器测试通过Success！------

Fri Apr 27 18:51:36 2018  ----------------------------------------------  Test Over   ----------------------------------------------



Fri Apr 27 18:54:52 2018  ----------------------------------------------   Begin Test  ----------------------------------------------

------TestPRS类实例化init方法开始执行：------
------TestPRS类实例化init方法测试通过Success！------
------登录界面开始执行：------
------登录界面测试通过Success！------
------ 业务规则类型 开始执行：------
------业务规则类型 测试通过Success！------

------退出浏览器测试通过Success！------

Fri Apr 27 18:55:46 2018  ----------------------------------------------  Test Over   ----------------------------------------------



Fri Apr 27 18:57:39 2018  ----------------------------------------------   Begin Test  ----------------------------------------------

------TestPRS类实例化init方法开始执行：------
------TestPRS类实例化init方法测试通过Success！------
------登录界面开始执行：------
------登录界面测试通过Success！------
------ 业务规则类型 开始执行：------
业务规则类型 失败Fail:
Traceback (most recent call last):
  File "E:\PythonProjects\SmokePRS\testPRS.py", line 944, in yeWuGuiZeLeiXing
    yeWuGuiZeBiaoHao = "autoTest" + i
TypeError: cannot concatenate 'str' and 'int' objects


------退出浏览器测试通过Success！------

Fri Apr 27 18:58:03 2018  ----------------------------------------------  Test Over   ----------------------------------------------



Fri Apr 27 18:58:37 2018  ----------------------------------------------   Begin Test  ----------------------------------------------

------TestPRS类实例化init方法开始执行：------
------TestPRS类实例化init方法测试通过Success！------
------登录界面开始执行：------
------登录界面测试通过Success！------
------ 业务规则类型 开始执行：------
业务规则类型 失败Fail:
Traceback (most recent call last):
  File "E:\PythonProjects\SmokePRS\testPRS.py", line 969, in yeWuGuiZeLeiXing
    assert self.driver.find_element_by_xpath('//*[@id="datagrid-row-r2-2-0"]/td[5]/div').text == yeWuGuiZeBiaoHao,u"新增失败"
AssertionError: 新增失败


------退出浏览器测试通过Success！------

Fri Apr 27 18:59:41 2018  ----------------------------------------------  Test Over   ----------------------------------------------



Fri Apr 27 19:01:42 2018  ----------------------------------------------   Begin Test  ----------------------------------------------

------TestPRS类实例化init方法开始执行：------
------TestPRS类实例化init方法测试通过Success！------
------登录界面开始执行：------
------登录界面测试通过Success！------
------ 业务规则类型 开始执行：------
------业务规则类型 测试通过Success！------

------退出浏览器测试通过Success！------

Fri Apr 27 19:04:36 2018  ----------------------------------------------  Test Over   ----------------------------------------------



Sat Apr 28 09:54:32 2018  ----------------------------------------------   Begin Test  ----------------------------------------------

------TestPRS类实例化init方法开始执行：------
------TestPRS类实例化init方法测试通过Success！------
------登录界面开始执行：------
------登录界面测试通过Success！------
------ 业务规则类型 开始执行：------
------业务规则类型 测试通过Success！------

------退出浏览器测试通过Success！------

Sat Apr 28 09:55:27 2018  ----------------------------------------------  Test Over   ----------------------------------------------



Sat Apr 28 09:55:49 2018  ----------------------------------------------   Begin Test  ----------------------------------------------

------TestPRS类实例化init方法开始执行：------
------TestPRS类实例化init方法测试通过Success！------
------登录界面开始执行：------
------登录界面测试通过Success！------
------ 业务规则类型 开始执行：------
------业务规则类型 测试通过Success！------
------ 业务规则设置 开始执行：------
业务规则类型 失败Fail:
Traceback (most recent call last):
  File "E:\PythonProjects\SmokePRS\testPRS.py", line 1032, in yeWuGuiZeSheZhi
    self.driver.find_element_by_id('_easyui_combobox_i5_0').click() #选择 true
  File "E:\PythonProjects\venv\lib\site-packages\selenium\webdriver\remote\webdriver.py", line 351, in find_element_by_id
    return self.find_element(by=By.ID, value=id_)
  File "E:\PythonProjects\venv\lib\site-packages\selenium\webdriver\remote\webdriver.py", line 955, in find_element
    'value': value})['value']
  File "E:\PythonProjects\venv\lib\site-packages\selenium\webdriver\remote\webdriver.py", line 312, in execute
    self.error_handler.check_response(response)
  File "E:\PythonProjects\venv\lib\site-packages\selenium\webdriver\remote\errorhandler.py", line 242, in check_response
    raise exception_class(message, screen, stacktrace)
NoSuchElementException: Message: no such element: Unable to locate element: {"method":"id","selector":"_easyui_combobox_i5_0"}
  (Session info: chrome=66.0.3359.117)
  (Driver info: chromedriver=2.37.543627 (63642262d9fb93fb4ab52398be4286d844092a5e),platform=Windows NT 10.0.16299 x86_64)



------退出浏览器测试通过Success！------

Sat Apr 28 09:57:04 2018  ----------------------------------------------  Test Over   ----------------------------------------------



Sat Apr 28 10:00:11 2018  ----------------------------------------------   Begin Test  ----------------------------------------------

------TestPRS类实例化init方法开始执行：------
------TestPRS类实例化init方法测试通过Success！------
------登录界面开始执行：------
------登录界面测试通过Success！------
------ 业务规则类型 开始执行：------
------业务规则类型 测试通过Success！------
------ 业务规则设置 开始执行：------
业务规则设置 失败Fail:
Traceback (most recent call last):
  File "E:\PythonProjects\SmokePRS\testPRS.py", line 1032, in yeWuGuiZeSheZhi
    self.driver.find_element_by_xpath('//*[@id="_easyui_combobox_i5_0"]').click()    #选择 true
  File "E:\PythonProjects\venv\lib\site-packages\selenium\webdriver\remote\webdriver.py", line 385, in find_element_by_xpath
    return self.find_element(by=By.XPATH, value=xpath)
  File "E:\PythonProjects\venv\lib\site-packages\selenium\webdriver\remote\webdriver.py", line 955, in find_element
    'value': value})['value']
  File "E:\PythonProjects\venv\lib\site-packages\selenium\webdriver\remote\webdriver.py", line 312, in execute
    self.error_handler.check_response(response)
  File "E:\PythonProjects\venv\lib\site-packages\selenium\webdriver\remote\errorhandler.py", line 242, in check_response
    raise exception_class(message, screen, stacktrace)
NoSuchElementException: Message: no such element: Unable to locate element: {"method":"xpath","selector":"//*[@id="_easyui_combobox_i5_0"]"}
  (Session info: chrome=66.0.3359.117)
  (Driver info: chromedriver=2.37.543627 (63642262d9fb93fb4ab52398be4286d844092a5e),platform=Windows NT 10.0.16299 x86_64)



------退出浏览器测试通过Success！------

Sat Apr 28 10:01:25 2018  ----------------------------------------------  Test Over   ----------------------------------------------



Sat Apr 28 10:09:06 2018  ----------------------------------------------   Begin Test  ----------------------------------------------

------TestPRS类实例化init方法开始执行：------
------TestPRS类实例化init方法测试通过Success！------
------登录界面开始执行：------
------登录界面测试通过Success！------
------ 业务规则类型 开始执行：------
------业务规则类型 测试通过Success！------
------ 业务规则设置 开始执行：------
业务规则设置 失败Fail:
Traceback (most recent call last):
  File "E:\PythonProjects\SmokePRS\testPRS.py", line 1032, in yeWuGuiZeSheZhi
    canShuZhi = self.driver.find_element_by_xpath('//*[@id="txtbusinessValue"]/span/span/a')
  File "E:\PythonProjects\venv\lib\site-packages\selenium\webdriver\remote\webdriver.py", line 385, in find_element_by_xpath
    return self.find_element(by=By.XPATH, value=xpath)
  File "E:\PythonProjects\venv\lib\site-packages\selenium\webdriver\remote\webdriver.py", line 955, in find_element
    'value': value})['value']
  File "E:\PythonProjects\venv\lib\site-packages\selenium\webdriver\remote\webdriver.py", line 312, in execute
    self.error_handler.check_response(response)
  File "E:\PythonProjects\venv\lib\site-packages\selenium\webdriver\remote\errorhandler.py", line 242, in check_response
    raise exception_class(message, screen, stacktrace)
NoSuchElementException: Message: no such element: Unable to locate element: {"method":"xpath","selector":"//*[@id="txtbusinessValue"]/span/span/a"}
  (Session info: chrome=66.0.3359.117)
  (Driver info: chromedriver=2.37.543627 (63642262d9fb93fb4ab52398be4286d844092a5e),platform=Windows NT 10.0.16299 x86_64)



------退出浏览器测试通过Success！------

Sat Apr 28 10:10:19 2018  ----------------------------------------------  Test Over   ----------------------------------------------



Sat Apr 28 11:06:49 2018  ----------------------------------------------   Begin Test  ----------------------------------------------

------TestPRS类实例化init方法开始执行：------
------TestPRS类实例化init方法测试通过Success！------
------登录界面开始执行：------
------登录界面测试通过Success！------
------ 业务规则类型 开始执行：------
------业务规则类型 测试通过Success！------
------ 业务规则设置 开始执行：------
业务规则设置 失败Fail:
Traceback (most recent call last):
  File "E:\PythonProjects\SmokePRS\testPRS.py", line 1032, in yeWuGuiZeSheZhi
    canShuZhi = self.driver.find_element_by_xpath('//*[@id="txtbusinessValue"]/span/span/a')
  File "E:\PythonProjects\venv\lib\site-packages\selenium\webdriver\remote\webdriver.py", line 385, in find_element_by_xpath
    return self.find_element(by=By.XPATH, value=xpath)
  File "E:\PythonProjects\venv\lib\site-packages\selenium\webdriver\remote\webdriver.py", line 955, in find_element
    'value': value})['value']
  File "E:\PythonProjects\venv\lib\site-packages\selenium\webdriver\remote\webdriver.py", line 312, in execute
    self.error_handler.check_response(response)
  File "E:\PythonProjects\venv\lib\site-packages\selenium\webdriver\remote\errorhandler.py", line 242, in check_response
    raise exception_class(message, screen, stacktrace)
NoSuchElementException: Message: no such element: Unable to locate element: {"method":"xpath","selector":"//*[@id="txtbusinessValue"]/span/span/a"}
  (Session info: chrome=66.0.3359.117)
  (Driver info: chromedriver=2.37.543627 (63642262d9fb93fb4ab52398be4286d844092a5e),platform=Windows NT 10.0.16299 x86_64)



------退出浏览器测试通过Success！------

Sat Apr 28 11:08:02 2018  ----------------------------------------------  Test Over   ----------------------------------------------



Sat Apr 28 11:15:25 2018  ----------------------------------------------   Begin Test  ----------------------------------------------

------TestPRS类实例化init方法开始执行：------
------TestPRS类实例化init方法测试通过Success！------
------登录界面开始执行：------
------登录界面测试通过Success！------
------ 业务规则类型 开始执行：------
------业务规则类型 测试通过Success！------
------ 业务规则设置 开始执行：------
------业务规则设置 测试通过Success！------

------退出浏览器测试通过Success！------

Sat Apr 28 11:16:26 2018  ----------------------------------------------  Test Over   ----------------------------------------------



Sat Apr 28 11:20:21 2018  ----------------------------------------------   Begin Test  ----------------------------------------------

------TestPRS类实例化init方法开始执行：------
------TestPRS类实例化init方法测试通过Success！------
------登录界面开始执行：------
------登录界面测试通过Success！------
------ 业务规则类型 开始执行：------
------业务规则类型 测试通过Success！------
------ 业务规则设置 开始执行：------
------业务规则设置 测试通过Success！------

------退出浏览器测试通过Success！------

Sat Apr 28 11:21:26 2018  ----------------------------------------------  Test Over   ----------------------------------------------



Mon May 07 17:31:19 2018  ----------------------------------------------   Begin Test  ----------------------------------------------

------TestPRS类实例化init方法开始执行：------
------TestPRS类实例化init方法测试通过Success！------
------登录界面开始执行：------
------登录界面测试通过Success！------
------ 业务规则类型 开始执行：------
------业务规则类型 测试通过Success！------

------退出浏览器测试通过Success！------

Mon May 07 17:32:51 2018  ----------------------------------------------  Test Over   ----------------------------------------------


